<?xml version="1.0" encoding="UTF-8"?>
<testsuite xmlns:xsi="http://www.w3.org/2001/XMLSchema-instance" xsi:noNamespaceSchemaLocation="https://maven.apache.org/surefire/maven-surefire-plugin/xsd/surefire-test-report-3.0.xsd" version="3.0" name="testRunner.TestRunner" time="47.815" tests="4" errors="0" skipped="0" failures="0">
  <properties>
[...]
</properties>
  <testcase name="Login Data Driven Excel #1" classname="Login Data Driven with Excel" time="10.67">
    <system-out><![CDATA[
Scenario Outline: Login Data Driven Excel                                                                   # Features/LoginDDTExcel.feature:10
  Given the user navigates to the login page                                                                # stepDefinitions.LoginSteps.the_user_navigates_to_the_login_page()
  Then the user should be redirected to the MyAccount Page by passing email and password with excel row "1" # stepDefinitions.LoginSteps.the_user_should_be_redirected_to_the_my_account_page_by_passing_email_and_password_with_excel_row(java.lang.String)
]]></system-out>
  </testcase>
  <testcase name="Login Data Driven Excel #2" classname="Login Data Driven with Excel" time="11.596">
    <system-out><![CDATA[
Scenario Outline: Login Data Driven Excel                                                                   # Features/LoginDDTExcel.feature:11
  Given the user navigates to the login page                                                                # stepDefinitions.LoginSteps.the_user_navigates_to_the_login_page()
  Then the user should be redirected to the MyAccount Page by passing email and password with excel row "2" # stepDefinitions.LoginSteps.the_user_should_be_redirected_to_the_my_account_page_by_passing_email_and_password_with_excel_row(java.lang.String)
]]></system-out>
  </testcase>
  <testcase name="Login Data Driven Excel #3" classname="Login Data Driven with Excel" time="10.679">
    <system-out><![CDATA[
Scenario Outline: Login Data Driven Excel                                                                   # Features/LoginDDTExcel.feature:12
  Given the user navigates to the login page                                                                # stepDefinitions.LoginSteps.the_user_navigates_to_the_login_page()
  Then the user should be redirected to the MyAccount Page by passing email and password with excel row "3" # stepDefinitions.LoginSteps.the_user_should_be_redirected_to_the_my_account_page_by_passing_email_and_password_with_excel_row(java.lang.String)
]]></system-out>
  </testcase>
  <testcase name="Login Data Driven Excel #4" classname="Login Data Driven with Excel" time="11.181">
    <system-out><![CDATA[
Scenario Outline: Login Data Driven Excel                                                                   # Features/LoginDDTExcel.feature:13
  Given the user navigates to the login page                                                                # stepDefinitions.LoginSteps.the_user_navigates_to_the_login_page()
  Then the user should be redirected to the MyAccount Page by passing email and password with excel row "4" # stepDefinitions.LoginSteps.the_user_should_be_redirected_to_the_my_account_page_by_passing_email_and_password_with_excel_row(java.lang.String)
]]></system-out>
  </testcase>
</testsuite>